<?xml version="1.0" encoding="UTF-8"?>
<!-- Generated by org.testng.reporters.JUnitXMLReporter -->
<testsuite ignored="2" hostname="Prasannakumar" failures="0" tests="1" name="Default test" time="0.4" errors="0" timestamp="2024-08-21T20:36:56 IST">
  <testcase classname="datadriventeating.GetDataFromExcelSheet" name="HowtoGetAllrowsandColumnsFromTheSheet" time="0.359"/>
  <testcase classname="datadriventeating.GetDataFromExcelSheet" name="modifyparticularCell" time="0.0">
    <ignored/>
  </testcase> <!-- modifyparticularCell -->
  <testcase classname="datadriventeating.GetDataFromExcelSheet" name="getParticularCellValue" time="0.0">
    <ignored/>
  </testcase> <!-- getParticularCellValue -->
</testsuite> <!-- Default test -->
