<?xml version="1.0" encoding="UTF-8"?>
<!-- Generated by org.testng.reporters.JUnitXMLReporter -->
<testsuite ignored="2" hostname="Prasannakumar" failures="1" tests="16" name="Test" time="152.295" errors="0" timestamp="2024-08-13T20:36:49 IST">
  <testcase classname="demo.LoginFunction" name="A" time="2.017">
    <failure type="org.testng.internal.thread.ThreadTimeoutException" message="Method demo.LoginFunction.A() didn&amp;apos;t finish within the time-out 2000">
      <![CDATA[org.testng.internal.thread.ThreadTimeoutException: Method demo.LoginFunction.A() didn't finish within the time-out 2000
at java.base/java.lang.Thread.sleepNanos0(Native Method)
at java.base/java.lang.Thread.sleepNanos(Thread.java:491)
at java.base/java.lang.Thread.sleep(Thread.java:522)
at demo.LoginFunction.A(LoginFunction.java:49)
at java.base/java.util.concurrent.FutureTask.run(FutureTask.java:317)
at java.base/java.util.concurrent.ThreadPoolExecutor.runWorker(ThreadPoolExecutor.java:1144)
at java.base/java.util.concurrent.ThreadPoolExecutor$Worker.run(ThreadPoolExecutor.java:642)
at java.base/java.lang.Thread.run(Thread.java:1570)
... Removed 6 stack frames]]>
    </failure>
  </testcase> <!-- A -->
  <testcase classname="demo.LoginFunction" name="B" time="3.328"/>
  <testcase classname="demo.LoginFunction" name="C" time="3.333"/>
  <testcase classname="testngattriibutes.nopCommerces" name="Vierfylogin" time="9.94"/>
  <testcase classname="testngattriibutes.nopCommerces" name="Vierfylogin" time="9.688"/>
  <testcase classname="testngattriibutes.nopCommerces" name="Vierfylogin" time="14.059"/>
  <testcase classname="testngattriibutes.nopCommerces" name="Vierfylogin" time="19.675"/>
  <testcase classname="mousehoverAction.CompleteMouserHoveraction" name="A" time="12.965"/>
  <testcase classname="mousehoverAction.CompleteMouserHoveraction" name="verifyMousemovement" time="16.332"/>
  <testcase classname="mousehoverAction.CompleteMouserHoveraction" name="verifyDragandDrop" time="4.677"/>
  <testcase classname="mousehoverAction.CompleteMouserHoveraction" name="verifyDoubleclick" time="14.012"/>
  <testcase classname="mousehoverAction.AboutScreenshot" name="verifyLoginFunctionWithValidData" time="29.405"/>
  <testcase classname="mousehoverAction.demoforpriority" name="C" time="0.001"/>
  <testcase classname="mousehoverAction.demoforpriority" name="C" time="0.002"/>
  <testcase classname="mousehoverAction.demoforpriority" name="C" time="0.002"/>
  <testcase classname="mousehoverAction.demoforpriority" name="D" time="0.001"/>
  <testcase classname="mousehoverAction.demoforpriority" name="B" time="0.0">
    <ignored/>
  </testcase> <!-- B -->
  <testcase classname="mousehoverAction.demoforpriority" name="A" time="0.0">
    <ignored/>
  </testcase> <!-- A -->
</testsuite> <!-- Test -->
