<?xml version="1.0" encoding="UTF-8"?>
<testng-results ignored="2" total="3" passed="1" failed="0" skipped="0">
  <reporter-output>
  </reporter-output>
  <suite started-at="2024-08-21T20:36:56 IST" name="Default suite" finished-at="2024-08-21T20:36:56 IST" duration-ms="400">
    <groups>
    </groups>
    <test started-at="2024-08-21T20:36:56 IST" name="Default test" finished-at="2024-08-21T20:36:56 IST" duration-ms="400">
      <class name="datadriventeating.GetDataFromExcelSheet">
        <test-method signature="HowtoGetAllrowsandColumnsFromTheSheet()[pri:0, instance:datadriventeating.GetDataFromExcelSheet@47eaca72]" started-at="2024-08-21T20:36:56 IST" name="HowtoGetAllrowsandColumnsFromTheSheet" finished-at="2024-08-21T20:36:56 IST" duration-ms="359" status="PASS">
          <reporter-output>
          </reporter-output>
        </test-method> <!-- HowtoGetAllrowsandColumnsFromTheSheet -->
      </class> <!-- datadriventeating.GetDataFromExcelSheet -->
    </test> <!-- Default test -->
  </suite> <!-- Default suite -->
</testng-results>
